{
  "RSpec": {
    "coverage": {
      "/Users/Amanda/Desktop/panda/app/models/user.rb": [
        1,
        null,
        null,
        1,
        null,
        1,
        1,
        null,
        null
      ],
      "/Users/Amanda/Desktop/panda/app/helpers/application_helper.rb": [
        1,
        null
      ],
      "/Users/Amanda/Desktop/panda/app/helpers/comments_helper.rb": [
        1,
        null
      ],
      "/Users/Amanda/Desktop/panda/app/helpers/payments_helper.rb": [
        1,
        null
      ],
      "/Users/Amanda/Desktop/panda/app/helpers/products_helper.rb": [
        1,
        1,
        0,
        0,
        0,
        null,
        null
      ],
      "/Users/Amanda/Desktop/panda/app/helpers/static_pages_helper.rb": [
        1,
        null
      ],
      "/Users/Amanda/Desktop/panda/app/helpers/users_helper.rb": [
        1,
        null
      ],
      "/Users/Amanda/Desktop/panda/app/controllers/payments_controller.rb": [
        1,
        1,
        null,
        1,
        0,
        null,
        0,
        0,
        null,
        0,
        null,
        0,
        0,
        null,
        null,
        null,
        null,
        null,
        null,
        null,
        null,
        0,
        0,
        null,
        null,
        null,
        null,
        0,
        0,
        0,
        null,
        null,
        null,
        0,
        0,
        0,
        0,
        null,
        null,
        null,
        null,
        null,
        null
      ],
      "/Users/Amanda/Desktop/panda/app/controllers/application_controller.rb": [
        1,
        1,
        null,
        null,
        1,
        0,
        null,
        null,
        null
      ],
      "/Users/Amanda/Desktop/panda/app/controllers/products_controller.rb": [
        1,
        1,
        null,
        null,
        null,
        1,
        3,
        1,
        1,
        1,
        null,
        2,
        2,
        null,
        null,
        null,
        null,
        null,
        1,
        1,
        1,
        1,
        null,
        null,
        null,
        1,
        2,
        null,
        null,
        null,
        1,
        null,
        null,
        null,
        null,
        1,
        2,
        2,
        2,
        2,
        1,
        null,
        2,
        1,
        null,
        null,
        null,
        null,
        null,
        null,
        1,
        2,
        2,
        2,
        1,
        null,
        2,
        1,
        null,
        null,
        null,
        null,
        null,
        null,
        1,
        1,
        1,
        2,
        1,
        null,
        null,
        null,
        null,
        1,
        null,
        1,
        4,
        null,
        null,
        null,
        1,
        4,
        null,
        null
      ],
      "/Users/Amanda/Desktop/panda/app/controllers/static_pages_controller.rb": [
        1,
        1,
        null,
        null,
        1,
        2,
        2,
        null,
        null,
        1,
        0,
        0,
        0,
        0,
        0,
        null,
        null,
        null,
        0,
        0,
        0,
        0,
        0,
        0,
        null,
        0,
        null,
        null,
        null,
        null
      ],
      "/Users/Amanda/Desktop/panda/app/controllers/users_controller.rb": [
        1,
        1,
        1,
        1,
        null,
        null,
        null,
        null,
        1,
        0,
        null,
        null,
        null,
        null,
        1,
        null,
        null,
        null,
        1,
        0,
        null,
        null,
        null,
        1,
        null,
        null,
        null,
        null,
        1,
        0,
        null,
        0,
        0,
        0,
        0,
        null,
        0,
        0,
        null,
        null,
        null,
        null,
        null,
        null,
        1,
        0,
        0,
        0,
        0,
        null,
        0,
        0,
        null,
        null,
        null,
        null,
        null,
        null,
        1,
        0,
        0,
        0,
        0,
        null,
        null,
        null,
        1,
        null,
        1,
        1,
        null,
        null,
        null,
        null,
        1,
        0,
        null,
        null
      ],
      "/Users/Amanda/Desktop/panda/app/jobs/comment_update_job.rb": [
        1,
        1,
        null,
        1,
        0,
        null,
        null,
        1,
        null,
        1,
        0,
        null,
        null,
        null
      ],
      "/Users/Amanda/Desktop/panda/app/jobs/application_job.rb": [
        1,
        null
      ],
      "/Users/Amanda/Desktop/panda/app/models/product.rb": [
        1,
        1,
        1,
        null,
        1,
        1,
        1,
        1,
        1,
        1,
        null,
        null,
        null,
        1,
        3,
        null,
        null,
        1,
        1,
        null,
        null,
        1,
        1,
        null,
        null,
        1,
        1,
        null,
        null,
        1,
        1,
        null,
        null,
        1,
        1,
        null,
        null,
        null,
        null,
        null
      ],
      "/Users/Amanda/Desktop/panda/app/models/application_record.rb": [
        1,
        1,
        null
      ],
      "/Users/Amanda/Desktop/panda/app/models/comment.rb": [
        1,
        1,
        1,
        null,
        1,
        1,
        1,
        1,
        null,
        37,
        null,
        2,
        2,
        null,
        null
      ],
      "/Users/Amanda/Desktop/panda/app/models/ability.rb": [
        1,
        1,
        null,
        1,
        1,
        1,
        null,
        1,
        0,
        0,
        0,
        null,
        null,
        null
      ],
      "/Users/Amanda/Desktop/panda/app/channels/application_cable/channel.rb": [
        0,
        0,
        0,
        0,
        0
      ],
      "/Users/Amanda/Desktop/panda/app/channels/application_cable/connection.rb": [
        0,
        0,
        0,
        0,
        0,
        0,
        0,
        0,
        0,
        0,
        0,
        0,
        0,
        0,
        0,
        0,
        0,
        0,
        0,
        0,
        0,
        0,
        0
      ],
      "/Users/Amanda/Desktop/panda/app/channels/product_channel.rb": [
        0,
        0,
        0,
        0,
        0,
        0,
        0,
        0,
        0,
        0,
        0,
        0,
        0,
        0
      ],
      "/Users/Amanda/Desktop/panda/app/controllers/comments_controller.rb": [
        0,
        0,
        0,
        0,
        0,
        0,
        0,
        0,
        0,
        0,
        0,
        0,
        0,
        0,
        0,
        0,
        0,
        0,
        0,
        0,
        0,
        0,
        0,
        0,
        0,
        0,
        0,
        0,
        0,
        0,
        0,
        0,
        0,
        0,
        0
      ],
      "/Users/Amanda/Desktop/panda/app/controllers/orders_controller.rb": [
        0,
        0,
        0,
        0,
        0,
        0,
        0,
        0,
        0,
        0,
        0,
        0,
        0,
        0,
        0,
        0,
        0,
        0,
        0,
        0,
        0,
        0,
        0,
        0,
        0,
        0,
        0,
        0,
        0,
        0,
        0
      ],
      "/Users/Amanda/Desktop/panda/app/mailers/application_mailer.rb": [
        0,
        0,
        0,
        0
      ],
      "/Users/Amanda/Desktop/panda/app/mailers/user_mailer.rb": [
        0,
        0,
        0,
        0,
        0,
        0,
        0,
        0,
        0,
        0,
        0,
        0,
        0,
        0,
        0,
        0,
        0,
        0,
        0,
        0,
        0,
        0,
        0,
        0,
        0,
        0,
        0,
        0,
        0,
        0,
        0
      ],
      "/Users/Amanda/Desktop/panda/app/models/order.rb": [
        0,
        0,
        0,
        0,
        0,
        0,
        0,
        0
      ]
    },
    "timestamp": 1500868219
  }
}
